composeApp/build/intermediates/manifest_merge_blame_file/debug/manifest-merger-blame-debug-report.txt
1<?xml version="1.0" encoding="utf-8"?>
2<manifest xmlns:android="http://schemas.android.com/apk/res/android"
3    package="com.sftpsync.app"
4    android:versionCode="1"
5    android:versionName="1.0.0" >
6
7    <uses-sdk
8        android:minSdkVersion="26"
9        android:targetSdkVersion="34" />
10
11    <!-- Permissions for Network and SFTP -->
12    <uses-permission android:name="android.permission.INTERNET" />
12-->src\androidMain\AndroidManifest.xml:6:5-67
12-->src\androidMain\AndroidManifest.xml:6:22-64
13
14    <!-- Permissions for Local Storage Access -->
15    <uses-permission android:name="android.permission.READ_EXTERNAL_STORAGE" />
15-->src\androidMain\AndroidManifest.xml:9:5-80
15-->src\androidMain\AndroidManifest.xml:9:22-77
16    <uses-permission android:name="android.permission.WRITE_EXTERNAL_STORAGE" />
16-->src\androidMain\AndroidManifest.xml:10:5-81
16-->src\androidMain\AndroidManifest.xml:10:22-78
17
18    <!-- Permission for full filesystem access on Android 11+ -->
19    <uses-permission android:name="android.permission.MANAGE_EXTERNAL_STORAGE" />
19-->src\androidMain\AndroidManifest.xml:13:5-14:40
19-->src\androidMain\AndroidManifest.xml:13:22-79
20
21    <!-- Foreground Service & Notification Permissions -->
22    <uses-permission android:name="android.permission.FOREGROUND_SERVICE" />
22-->src\androidMain\AndroidManifest.xml:17:5-77
22-->src\androidMain\AndroidManifest.xml:17:22-74
23    <uses-permission android:name="android.permission.FOREGROUND_SERVICE_DATA_SYNC" />
23-->src\androidMain\AndroidManifest.xml:18:5-87
23-->src\androidMain\AndroidManifest.xml:18:22-84
24    <uses-permission android:name="android.permission.POST_NOTIFICATIONS" />
24-->src\androidMain\AndroidManifest.xml:19:5-77
24-->src\androidMain\AndroidManifest.xml:19:22-74
25
26    <permission
26-->[androidx.core:core:1.13.1] AndroidManifest.xml:22:5-24:47
27        android:name="com.sftpsync.app.DYNAMIC_RECEIVER_NOT_EXPORTED_PERMISSION"
27-->[androidx.core:core:1.13.1] AndroidManifest.xml:23:9-81
28        android:protectionLevel="signature" />
28-->[androidx.core:core:1.13.1] AndroidManifest.xml:24:9-44
29
30    <uses-permission android:name="com.sftpsync.app.DYNAMIC_RECEIVER_NOT_EXPORTED_PERMISSION" />
30-->[androidx.core:core:1.13.1] AndroidManifest.xml:26:5-97
30-->[androidx.core:core:1.13.1] AndroidManifest.xml:26:22-94
31
32    <application
32-->src\androidMain\AndroidManifest.xml:21:5-48:19
33        android:allowBackup="true"
33-->src\androidMain\AndroidManifest.xml:22:9-35
34        android:appComponentFactory="androidx.core.app.CoreComponentFactory"
34-->[androidx.core:core:1.13.1] AndroidManifest.xml:28:18-86
35        android:debuggable="true"
36        android:extractNativeLibs="false"
37        android:icon="@mipmap/ic_launcher"
37-->src\androidMain\AndroidManifest.xml:23:9-43
38        android:label="SFTP Sync"
38-->src\androidMain\AndroidManifest.xml:24:9-34
39        android:requestLegacyExternalStorage="true"
39-->src\androidMain\AndroidManifest.xml:28:9-52
40        android:roundIcon="@mipmap/ic_launcher"
40-->src\androidMain\AndroidManifest.xml:25:9-48
41        android:supportsRtl="true"
41-->src\androidMain\AndroidManifest.xml:26:9-35
42        android:theme="@android:style/Theme.Material.NoActionBar" >
42-->src\androidMain\AndroidManifest.xml:27:9-66
43        <activity
43-->src\androidMain\AndroidManifest.xml:30:9-39:20
44            android:name="com.sftpsync.app.MainActivity"
44-->src\androidMain\AndroidManifest.xml:31:13-57
45            android:configChanges="orientation|screenSize|keyboardHidden"
45-->src\androidMain\AndroidManifest.xml:34:13-74
46            android:exported="true"
46-->src\androidMain\AndroidManifest.xml:32:13-36
47            android:theme="@android:style/Theme.Material.NoActionBar" >
47-->src\androidMain\AndroidManifest.xml:33:13-70
48            <intent-filter>
48-->src\androidMain\AndroidManifest.xml:35:13-38:29
49                <action android:name="android.intent.action.MAIN" />
49-->src\androidMain\AndroidManifest.xml:36:17-69
49-->src\androidMain\AndroidManifest.xml:36:25-66
50
51                <category android:name="android.intent.category.LAUNCHER" />
51-->src\androidMain\AndroidManifest.xml:37:17-77
51-->src\androidMain\AndroidManifest.xml:37:27-74
52            </intent-filter>
53        </activity>
54
55        <!-- Sync Foreground Service -->
56        <service
56-->src\androidMain\AndroidManifest.xml:42:9-46:56
57            android:name="com.sftpsync.app.service.SyncForegroundService"
57-->src\androidMain\AndroidManifest.xml:43:13-74
58            android:enabled="true"
58-->src\androidMain\AndroidManifest.xml:44:13-35
59            android:exported="false"
59-->src\androidMain\AndroidManifest.xml:45:13-37
60            android:foregroundServiceType="dataSync" />
60-->src\androidMain\AndroidManifest.xml:46:13-53
61
62        <provider
62-->[org.jetbrains.compose.components:components-resources-android:1.7.0] AndroidManifest.xml:8:9-13:20
63            android:name="org.jetbrains.compose.resources.AndroidContextProvider"
63-->[org.jetbrains.compose.components:components-resources-android:1.7.0] AndroidManifest.xml:9:13-82
64            android:authorities="com.sftpsync.app.resources.AndroidContextProvider"
64-->[org.jetbrains.compose.components:components-resources-android:1.7.0] AndroidManifest.xml:10:13-84
65            android:enabled="true"
65-->[org.jetbrains.compose.components:components-resources-android:1.7.0] AndroidManifest.xml:11:13-35
66            android:exported="false" >
66-->[org.jetbrains.compose.components:components-resources-android:1.7.0] AndroidManifest.xml:12:13-37
67        </provider>
68        <provider
68-->[androidx.emoji2:emoji2:1.3.0] AndroidManifest.xml:24:9-32:20
69            android:name="androidx.startup.InitializationProvider"
69-->[androidx.emoji2:emoji2:1.3.0] AndroidManifest.xml:25:13-67
70            android:authorities="com.sftpsync.app.androidx-startup"
70-->[androidx.emoji2:emoji2:1.3.0] AndroidManifest.xml:26:13-68
71            android:exported="false" >
71-->[androidx.emoji2:emoji2:1.3.0] AndroidManifest.xml:27:13-37
72            <meta-data
72-->[androidx.emoji2:emoji2:1.3.0] AndroidManifest.xml:29:13-31:52
73                android:name="androidx.emoji2.text.EmojiCompatInitializer"
73-->[androidx.emoji2:emoji2:1.3.0] AndroidManifest.xml:30:17-75
74                android:value="androidx.startup" />
74-->[androidx.emoji2:emoji2:1.3.0] AndroidManifest.xml:31:17-49
75            <meta-data
75-->[androidx.lifecycle:lifecycle-process:2.8.5] AndroidManifest.xml:29:13-31:52
76                android:name="androidx.lifecycle.ProcessLifecycleInitializer"
76-->[androidx.lifecycle:lifecycle-process:2.8.5] AndroidManifest.xml:30:17-78
77                android:value="androidx.startup" />
77-->[androidx.lifecycle:lifecycle-process:2.8.5] AndroidManifest.xml:31:17-49
78            <meta-data
78-->[androidx.profileinstaller:profileinstaller:1.3.1] AndroidManifest.xml:29:13-31:52
79                android:name="androidx.profileinstaller.ProfileInstallerInitializer"
79-->[androidx.profileinstaller:profileinstaller:1.3.1] AndroidManifest.xml:30:17-85
80                android:value="androidx.startup" />
80-->[androidx.profileinstaller:profileinstaller:1.3.1] AndroidManifest.xml:31:17-49
81        </provider>
82
83        <receiver
83-->[androidx.profileinstaller:profileinstaller:1.3.1] AndroidManifest.xml:34:9-52:20
84            android:name="androidx.profileinstaller.ProfileInstallReceiver"
84-->[androidx.profileinstaller:profileinstaller:1.3.1] AndroidManifest.xml:35:13-76
85            android:directBootAware="false"
85-->[androidx.profileinstaller:profileinstaller:1.3.1] AndroidManifest.xml:36:13-44
86            android:enabled="true"
86-->[androidx.profileinstaller:profileinstaller:1.3.1] AndroidManifest.xml:37:13-35
87            android:exported="true"
87-->[androidx.profileinstaller:profileinstaller:1.3.1] AndroidManifest.xml:38:13-36
88            android:permission="android.permission.DUMP" >
88-->[androidx.profileinstaller:profileinstaller:1.3.1] AndroidManifest.xml:39:13-57
89            <intent-filter>
89-->[androidx.profileinstaller:profileinstaller:1.3.1] AndroidManifest.xml:40:13-42:29
90                <action android:name="androidx.profileinstaller.action.INSTALL_PROFILE" />
90-->[androidx.profileinstaller:profileinstaller:1.3.1] AndroidManifest.xml:41:17-91
90-->[androidx.profileinstaller:profileinstaller:1.3.1] AndroidManifest.xml:41:25-88
91            </intent-filter>
92            <intent-filter>
92-->[androidx.profileinstaller:profileinstaller:1.3.1] AndroidManifest.xml:43:13-45:29
93                <action android:name="androidx.profileinstaller.action.SKIP_FILE" />
93-->[androidx.profileinstaller:profileinstaller:1.3.1] AndroidManifest.xml:44:17-85
93-->[androidx.profileinstaller:profileinstaller:1.3.1] AndroidManifest.xml:44:25-82
94            </intent-filter>
95            <intent-filter>
95-->[androidx.profileinstaller:profileinstaller:1.3.1] AndroidManifest.xml:46:13-48:29
96                <action android:name="androidx.profileinstaller.action.SAVE_PROFILE" />
96-->[androidx.profileinstaller:profileinstaller:1.3.1] AndroidManifest.xml:47:17-88
96-->[androidx.profileinstaller:profileinstaller:1.3.1] AndroidManifest.xml:47:25-85
97            </intent-filter>
98            <intent-filter>
98-->[androidx.profileinstaller:profileinstaller:1.3.1] AndroidManifest.xml:49:13-51:29
99                <action android:name="androidx.profileinstaller.action.BENCHMARK_OPERATION" />
99-->[androidx.profileinstaller:profileinstaller:1.3.1] AndroidManifest.xml:50:17-95
99-->[androidx.profileinstaller:profileinstaller:1.3.1] AndroidManifest.xml:50:25-92
100            </intent-filter>
101        </receiver>
102    </application>
103
104</manifest>